{"/home/maciej/javascript/Modern-Full-Stack-React-Projects/ch5/backend/src/db/init.js": {"path":"/home/maciej/javascript/Modern-Full-Stack-React-Projects/ch5/backend/src/db/init.js","statementMap":{"0":{"start":{"line":4,"column":23},"end":{"line":4,"column":47}},"1":{"start":{"line":5,"column":2},"end":{"line":11,"column":4}},"2":{"start":{"line":6,"column":24},"end":{"line":6,"column":61}},"3":{"start":{"line":8,"column":4},"end":{"line":8,"column":79}},"4":{"start":{"line":9,"column":4},"end":{"line":10,"column":27}},"5":{"start":{"line":12,"column":21},"end":{"line":12,"column":51}},"6":{"start":{"line":13,"column":2},"end":{"line":13,"column":19}}},"fnMap":{"0":{"name":"initDatabase","decl":{"start":{"line":3,"column":16},"end":{"line":3,"column":28}},"loc":{"start":{"line":3,"column":31},"end":{"line":14,"column":1}},"line":3},"1":{"name":"(anonymous_1)","decl":{"start":{"line":5,"column":33},"end":{"line":5,"column":34}},"loc":{"start":{"line":5,"column":39},"end":{"line":11,"column":3}},"line":5}},"branchMap":{"0":{"loc":{"start":{"line":6,"column":24},"end":{"line":6,"column":61}},"type":"binary-expr","locations":[{"start":{"line":6,"column":24},"end":{"line":6,"column":44}},{"start":{"line":6,"column":48},"end":{"line":6,"column":61}}],"line":6},"1":{"loc":{"start":{"line":8,"column":4},"end":{"line":8,"column":79}},"type":"binary-expr","locations":[{"start":{"line":8,"column":4},"end":{"line":8,"column":25}},{"start":{"line":8,"column":29},"end":{"line":8,"column":79}}],"line":8},"2":{"loc":{"start":{"line":9,"column":4},"end":{"line":10,"column":27}},"type":"binary-expr","locations":[{"start":{"line":9,"column":4},"end":{"line":9,"column":69}},{"start":{"line":10,"column":6},"end":{"line":10,"column":27}}],"line":9}},"s":{"0":5,"1":5,"2":5,"3":5,"4":5,"5":5,"6":5},"f":{"0":5,"1":5},"b":{"0":[5,0],"1":[5,5],"2":[5,5]},"_coverageSchema":"1a1c01bbd47fc00a2c39e90264f33305004495a9","hash":"9f3f52fc244d0418fd18d66e7c2bec11759fc545"}
,"/home/maciej/javascript/Modern-Full-Stack-React-Projects/ch5/backend/src/db/models/post.js": {"path":"/home/maciej/javascript/Modern-Full-Stack-React-Projects/ch5/backend/src/db/models/post.js","statementMap":{"0":{"start":{"line":3,"column":19},"end":{"line":11,"column":1}},"1":{"start":{"line":13,"column":20},"end":{"line":13,"column":54}}},"fnMap":{},"branchMap":{},"s":{"0":2,"1":2},"f":{},"b":{},"_coverageSchema":"1a1c01bbd47fc00a2c39e90264f33305004495a9","hash":"2b226a00cc852574da5b9955d7df32beccfa19eb"}
,"/home/maciej/javascript/Modern-Full-Stack-React-Projects/ch5/backend/src/db/models/user.js": {"path":"/home/maciej/javascript/Modern-Full-Stack-React-Projects/ch5/backend/src/db/models/user.js","statementMap":{"0":{"start":{"line":3,"column":19},"end":{"line":9,"column":1}},"1":{"start":{"line":11,"column":20},"end":{"line":11,"column":54}}},"fnMap":{},"branchMap":{},"s":{"0":5,"1":5},"f":{},"b":{},"_coverageSchema":"1a1c01bbd47fc00a2c39e90264f33305004495a9","hash":"528f7d696ee613de6bad956fc6afc11f3a55ed12"}
,"/home/maciej/javascript/Modern-Full-Stack-React-Projects/ch5/backend/src/middleware/jwt.js": {"path":"/home/maciej/javascript/Modern-Full-Stack-React-Projects/ch5/backend/src/middleware/jwt.js","statementMap":{"0":{"start":{"line":3,"column":27},"end":{"line":6,"column":2}},"1":{"start":{"line":4,"column":16},"end":{"line":4,"column":38}}},"fnMap":{"0":{"name":"(anonymous_0)","decl":{"start":{"line":4,"column":10},"end":{"line":4,"column":11}},"loc":{"start":{"line":4,"column":16},"end":{"line":4,"column":38}},"line":4}},"branchMap":{},"s":{"0":1,"1":6},"f":{"0":6},"b":{},"_coverageSchema":"1a1c01bbd47fc00a2c39e90264f33305004495a9","hash":"cf96b3c9aeb20c3fb45c96f97e0685a0fc078a21"}
,"/home/maciej/javascript/Modern-Full-Stack-React-Projects/ch5/backend/src/routes/posts.js": {"path":"/home/maciej/javascript/Modern-Full-Stack-React-Projects/ch5/backend/src/routes/posts.js","statementMap":{"0":{"start":{"line":13,"column":2},"end":{"line":32,"column":4}},"1":{"start":{"line":14,"column":47},"end":{"line":14,"column":56}},"2":{"start":{"line":15,"column":20},"end":{"line":15,"column":41}},"3":{"start":{"line":16,"column":4},"end":{"line":31,"column":5}},"4":{"start":{"line":17,"column":6},"end":{"line":27,"column":7}},"5":{"start":{"line":18,"column":8},"end":{"line":20,"column":69}},"6":{"start":{"line":21,"column":13},"end":{"line":27,"column":7}},"7":{"start":{"line":22,"column":8},"end":{"line":22,"column":65}},"8":{"start":{"line":23,"column":13},"end":{"line":27,"column":7}},"9":{"start":{"line":24,"column":8},"end":{"line":24,"column":59}},"10":{"start":{"line":26,"column":8},"end":{"line":26,"column":52}},"11":{"start":{"line":29,"column":6},"end":{"line":29,"column":47}},"12":{"start":{"line":30,"column":6},"end":{"line":30,"column":34}},"13":{"start":{"line":34,"column":2},"end":{"line":44,"column":4}},"14":{"start":{"line":35,"column":19},"end":{"line":35,"column":29}},"15":{"start":{"line":36,"column":4},"end":{"line":43,"column":5}},"16":{"start":{"line":37,"column":19},"end":{"line":37,"column":40}},"17":{"start":{"line":38,"column":6},"end":{"line":38,"column":53}},"18":{"start":{"line":38,"column":25},"end":{"line":38,"column":53}},"19":{"start":{"line":39,"column":6},"end":{"line":39,"column":27}},"20":{"start":{"line":41,"column":6},"end":{"line":41,"column":46}},"21":{"start":{"line":42,"column":6},"end":{"line":42,"column":34}},"22":{"start":{"line":46,"column":2},"end":{"line":54,"column":4}},"23":{"start":{"line":47,"column":4},"end":{"line":53,"column":5}},"24":{"start":{"line":48,"column":19},"end":{"line":48,"column":59}},"25":{"start":{"line":49,"column":6},"end":{"line":49,"column":27}},"26":{"start":{"line":51,"column":6},"end":{"line":51,"column":47}},"27":{"start":{"line":52,"column":6},"end":{"line":52,"column":34}},"28":{"start":{"line":56,"column":2},"end":{"line":64,"column":4}},"29":{"start":{"line":57,"column":4},"end":{"line":63,"column":5}},"30":{"start":{"line":58,"column":19},"end":{"line":58,"column":74}},"31":{"start":{"line":59,"column":6},"end":{"line":59,"column":27}},"32":{"start":{"line":61,"column":6},"end":{"line":61,"column":47}},"33":{"start":{"line":62,"column":6},"end":{"line":62,"column":34}},"34":{"start":{"line":66,"column":2},"end":{"line":75,"column":4}},"35":{"start":{"line":67,"column":4},"end":{"line":74,"column":5}},"36":{"start":{"line":68,"column":31},"end":{"line":68,"column":76}},"37":{"start":{"line":69,"column":6},"end":{"line":69,"column":56}},"38":{"start":{"line":69,"column":30},"end":{"line":69,"column":56}},"39":{"start":{"line":70,"column":6},"end":{"line":70,"column":34}},"40":{"start":{"line":72,"column":6},"end":{"line":72,"column":47}},"41":{"start":{"line":73,"column":6},"end":{"line":73,"column":34}}},"fnMap":{"0":{"name":"postsRoutes","decl":{"start":{"line":12,"column":16},"end":{"line":12,"column":27}},"loc":{"start":{"line":12,"column":33},"end":{"line":76,"column":1}},"line":12},"1":{"name":"(anonymous_1)","decl":{"start":{"line":13,"column":27},"end":{"line":13,"column":28}},"loc":{"start":{"line":13,"column":47},"end":{"line":32,"column":3}},"line":13},"2":{"name":"(anonymous_2)","decl":{"start":{"line":34,"column":31},"end":{"line":34,"column":32}},"loc":{"start":{"line":34,"column":51},"end":{"line":44,"column":3}},"line":34},"3":{"name":"(anonymous_3)","decl":{"start":{"line":46,"column":41},"end":{"line":46,"column":42}},"loc":{"start":{"line":46,"column":61},"end":{"line":54,"column":3}},"line":46},"4":{"name":"(anonymous_4)","decl":{"start":{"line":56,"column":46},"end":{"line":56,"column":47}},"loc":{"start":{"line":56,"column":66},"end":{"line":64,"column":3}},"line":56},"5":{"name":"(anonymous_5)","decl":{"start":{"line":66,"column":47},"end":{"line":66,"column":48}},"loc":{"start":{"line":66,"column":67},"end":{"line":75,"column":3}},"line":66}},"branchMap":{"0":{"loc":{"start":{"line":17,"column":6},"end":{"line":27,"column":7}},"type":"if","locations":[{"start":{"line":17,"column":6},"end":{"line":27,"column":7}},{"start":{"line":21,"column":13},"end":{"line":27,"column":7}}],"line":17},"1":{"loc":{"start":{"line":17,"column":10},"end":{"line":17,"column":23}},"type":"binary-expr","locations":[{"start":{"line":17,"column":10},"end":{"line":17,"column":16}},{"start":{"line":17,"column":20},"end":{"line":17,"column":23}}],"line":17},"2":{"loc":{"start":{"line":21,"column":13},"end":{"line":27,"column":7}},"type":"if","locations":[{"start":{"line":21,"column":13},"end":{"line":27,"column":7}},{"start":{"line":23,"column":13},"end":{"line":27,"column":7}}],"line":21},"3":{"loc":{"start":{"line":23,"column":13},"end":{"line":27,"column":7}},"type":"if","locations":[{"start":{"line":23,"column":13},"end":{"line":27,"column":7}},{"start":{"line":25,"column":13},"end":{"line":27,"column":7}}],"line":23},"4":{"loc":{"start":{"line":38,"column":6},"end":{"line":38,"column":53}},"type":"if","locations":[{"start":{"line":38,"column":6},"end":{"line":38,"column":53}},{"start":{},"end":{}}],"line":38},"5":{"loc":{"start":{"line":69,"column":6},"end":{"line":69,"column":56}},"type":"if","locations":[{"start":{"line":69,"column":6},"end":{"line":69,"column":56}},{"start":{},"end":{}}],"line":69}},"s":{"0":1,"1":2,"2":2,"3":2,"4":2,"5":1,"6":1,"7":0,"8":1,"9":0,"10":1,"11":0,"12":0,"13":1,"14":2,"15":2,"16":2,"17":2,"18":1,"19":1,"20":0,"21":0,"22":1,"23":2,"24":2,"25":1,"26":1,"27":1,"28":1,"29":2,"30":2,"31":1,"32":1,"33":1,"34":1,"35":2,"36":2,"37":2,"38":1,"39":1,"40":0,"41":0},"f":{"0":1,"1":2,"2":2,"3":2,"4":2,"5":2},"b":{"0":[1,1],"1":[2,1],"2":[0,1],"3":[0,1],"4":[1,1],"5":[1,1]},"_coverageSchema":"1a1c01bbd47fc00a2c39e90264f33305004495a9","hash":"084a59d2b9b26f3dbc9661d56f228433114e881a"}
,"/home/maciej/javascript/Modern-Full-Stack-React-Projects/ch5/backend/src/routes/users.js": {"path":"/home/maciej/javascript/Modern-Full-Stack-React-Projects/ch5/backend/src/routes/users.js","statementMap":{"0":{"start":{"line":4,"column":2},"end":{"line":21,"column":4}},"1":{"start":{"line":5,"column":4},"end":{"line":20,"column":5}},"2":{"start":{"line":6,"column":19},"end":{"line":6,"column":45}},"3":{"start":{"line":7,"column":6},"end":{"line":7,"column":62}},"4":{"start":{"line":9,"column":6},"end":{"line":9,"column":24}},"5":{"start":{"line":11,"column":6},"end":{"line":16,"column":7}},"6":{"start":{"line":13,"column":8},"end":{"line":15,"column":10}},"7":{"start":{"line":17,"column":6},"end":{"line":19,"column":8}},"8":{"start":{"line":22,"column":2},"end":{"line":33,"column":4}},"9":{"start":{"line":23,"column":4},"end":{"line":32,"column":5}},"10":{"start":{"line":24,"column":20},"end":{"line":24,"column":45}},"11":{"start":{"line":25,"column":6},"end":{"line":25,"column":44}},"12":{"start":{"line":27,"column":6},"end":{"line":27,"column":24}},"13":{"start":{"line":29,"column":6},"end":{"line":31,"column":8}},"14":{"start":{"line":34,"column":2},"end":{"line":37,"column":4}},"15":{"start":{"line":35,"column":21},"end":{"line":35,"column":57}},"16":{"start":{"line":36,"column":4},"end":{"line":36,"column":41}}},"fnMap":{"0":{"name":"userRoutes","decl":{"start":{"line":3,"column":16},"end":{"line":3,"column":26}},"loc":{"start":{"line":3,"column":32},"end":{"line":38,"column":1}},"line":3},"1":{"name":"(anonymous_1)","decl":{"start":{"line":4,"column":34},"end":{"line":4,"column":35}},"loc":{"start":{"line":4,"column":54},"end":{"line":21,"column":3}},"line":4},"2":{"name":"(anonymous_2)","decl":{"start":{"line":22,"column":33},"end":{"line":22,"column":34}},"loc":{"start":{"line":22,"column":53},"end":{"line":33,"column":3}},"line":22},"3":{"name":"(anonymous_3)","decl":{"start":{"line":34,"column":31},"end":{"line":34,"column":32}},"loc":{"start":{"line":34,"column":51},"end":{"line":37,"column":3}},"line":34}},"branchMap":{"0":{"loc":{"start":{"line":11,"column":6},"end":{"line":16,"column":7}},"type":"if","locations":[{"start":{"line":11,"column":6},"end":{"line":16,"column":7}},{"start":{},"end":{}}],"line":11}},"s":{"0":2,"1":3,"2":3,"3":3,"4":0,"5":0,"6":0,"7":0,"8":2,"9":3,"10":3,"11":2,"12":1,"13":1,"14":2,"15":0,"16":0},"f":{"0":2,"1":3,"2":3,"3":0},"b":{"0":[0,0]},"_coverageSchema":"1a1c01bbd47fc00a2c39e90264f33305004495a9","hash":"37ec2f5f4a029d5d585003a39da0efb6d94f997d"}
,"/home/maciej/javascript/Modern-Full-Stack-React-Projects/ch5/backend/src/services/posts.js": {"path":"/home/maciej/javascript/Modern-Full-Stack-React-Projects/ch5/backend/src/services/posts.js","statementMap":{"0":{"start":{"line":5,"column":15},"end":{"line":5,"column":66}},"1":{"start":{"line":6,"column":2},"end":{"line":6,"column":26}},"2":{"start":{"line":13,"column":2},"end":{"line":13,"column":61}},"3":{"start":{"line":17,"column":2},"end":{"line":17,"column":37}},"4":{"start":{"line":21,"column":15},"end":{"line":21,"column":63}},"5":{"start":{"line":22,"column":2},"end":{"line":22,"column":22}},"6":{"start":{"line":22,"column":13},"end":{"line":22,"column":22}},"7":{"start":{"line":23,"column":2},"end":{"line":23,"column":55}},"8":{"start":{"line":27,"column":2},"end":{"line":27,"column":43}},"9":{"start":{"line":31,"column":2},"end":{"line":31,"column":36}},"10":{"start":{"line":35,"column":2},"end":{"line":39,"column":3}},"11":{"start":{"line":43,"column":2},"end":{"line":43,"column":62}}},"fnMap":{"0":{"name":"createPost","decl":{"start":{"line":4,"column":22},"end":{"line":4,"column":32}},"loc":{"start":{"line":4,"column":68},"end":{"line":7,"column":1}},"line":4},"1":{"name":"listPosts","decl":{"start":{"line":9,"column":15},"end":{"line":9,"column":24}},"loc":{"start":{"line":12,"column":2},"end":{"line":14,"column":1}},"line":12},"2":{"name":"listAllPosts","decl":{"start":{"line":16,"column":22},"end":{"line":16,"column":34}},"loc":{"start":{"line":16,"column":44},"end":{"line":18,"column":1}},"line":16},"3":{"name":"listPostsByAuthor","decl":{"start":{"line":20,"column":22},"end":{"line":20,"column":39}},"loc":{"start":{"line":20,"column":65},"end":{"line":24,"column":1}},"line":20},"4":{"name":"listPostsByTag","decl":{"start":{"line":26,"column":22},"end":{"line":26,"column":36}},"loc":{"start":{"line":26,"column":52},"end":{"line":28,"column":1}},"line":26},"5":{"name":"getPostById","decl":{"start":{"line":30,"column":22},"end":{"line":30,"column":33}},"loc":{"start":{"line":30,"column":42},"end":{"line":32,"column":1}},"line":30},"6":{"name":"updatePost","decl":{"start":{"line":34,"column":22},"end":{"line":34,"column":32}},"loc":{"start":{"line":34,"column":76},"end":{"line":40,"column":1}},"line":34},"7":{"name":"deletePost","decl":{"start":{"line":42,"column":22},"end":{"line":42,"column":32}},"loc":{"start":{"line":42,"column":49},"end":{"line":44,"column":1}},"line":42}},"branchMap":{"0":{"loc":{"start":{"line":10,"column":2},"end":{"line":10,"column":12}},"type":"default-arg","locations":[{"start":{"line":10,"column":10},"end":{"line":10,"column":12}}],"line":10},"1":{"loc":{"start":{"line":11,"column":2},"end":{"line":11,"column":57}},"type":"default-arg","locations":[{"start":{"line":11,"column":55},"end":{"line":11,"column":57}}],"line":11},"2":{"loc":{"start":{"line":11,"column":4},"end":{"line":11,"column":24}},"type":"default-arg","locations":[{"start":{"line":11,"column":13},"end":{"line":11,"column":24}}],"line":11},"3":{"loc":{"start":{"line":11,"column":26},"end":{"line":11,"column":50}},"type":"default-arg","locations":[{"start":{"line":11,"column":38},"end":{"line":11,"column":50}}],"line":11},"4":{"loc":{"start":{"line":22,"column":2},"end":{"line":22,"column":22}},"type":"if","locations":[{"start":{"line":22,"column":2},"end":{"line":22,"column":22}},{"start":{},"end":{}}],"line":22}},"s":{"0":6,"1":6,"2":6,"3":4,"4":1,"5":1,"6":0,"7":1,"8":1,"9":4,"10":6,"11":4},"f":{"0":6,"1":6,"2":4,"3":1,"4":1,"5":4,"6":6,"7":4},"b":{"0":[0],"1":[4],"2":[5],"3":[5],"4":[0,1]},"_coverageSchema":"1a1c01bbd47fc00a2c39e90264f33305004495a9","hash":"9506b8780ec2b8c27dc60becace43e0328c12fa9"}
,"/home/maciej/javascript/Modern-Full-Stack-React-Projects/ch5/backend/src/services/users.js": {"path":"/home/maciej/javascript/Modern-Full-Stack-React-Projects/ch5/backend/src/services/users.js","statementMap":{"0":{"start":{"line":6,"column":25},"end":{"line":6,"column":56}},"1":{"start":{"line":7,"column":15},"end":{"line":7,"column":63}},"2":{"start":{"line":8,"column":2},"end":{"line":8,"column":26}},"3":{"start":{"line":12,"column":15},"end":{"line":12,"column":47}},"4":{"start":{"line":13,"column":2},"end":{"line":15,"column":3}},"5":{"start":{"line":14,"column":4},"end":{"line":14,"column":40}},"6":{"start":{"line":16,"column":28},"end":{"line":16,"column":73}},"7":{"start":{"line":17,"column":2},"end":{"line":19,"column":3}},"8":{"start":{"line":18,"column":4},"end":{"line":18,"column":40}},"9":{"start":{"line":20,"column":16},"end":{"line":22,"column":4}},"10":{"start":{"line":23,"column":2},"end":{"line":23,"column":14}},"11":{"start":{"line":27,"column":2},"end":{"line":33,"column":3}},"12":{"start":{"line":28,"column":17},"end":{"line":28,"column":44}},"13":{"start":{"line":29,"column":4},"end":{"line":29,"column":42}},"14":{"start":{"line":29,"column":15},"end":{"line":29,"column":42}},"15":{"start":{"line":30,"column":4},"end":{"line":30,"column":38}},"16":{"start":{"line":32,"column":4},"end":{"line":32,"column":31}}},"fnMap":{"0":{"name":"createUser","decl":{"start":{"line":5,"column":22},"end":{"line":5,"column":32}},"loc":{"start":{"line":5,"column":57},"end":{"line":9,"column":1}},"line":5},"1":{"name":"loginUser","decl":{"start":{"line":11,"column":22},"end":{"line":11,"column":31}},"loc":{"start":{"line":11,"column":56},"end":{"line":24,"column":1}},"line":11},"2":{"name":"getUserInfoById","decl":{"start":{"line":26,"column":22},"end":{"line":26,"column":37}},"loc":{"start":{"line":26,"column":46},"end":{"line":34,"column":1}},"line":26}},"branchMap":{"0":{"loc":{"start":{"line":13,"column":2},"end":{"line":15,"column":3}},"type":"if","locations":[{"start":{"line":13,"column":2},"end":{"line":15,"column":3}},{"start":{},"end":{}}],"line":13},"1":{"loc":{"start":{"line":17,"column":2},"end":{"line":19,"column":3}},"type":"if","locations":[{"start":{"line":17,"column":2},"end":{"line":19,"column":3}},{"start":{},"end":{}}],"line":17},"2":{"loc":{"start":{"line":29,"column":4},"end":{"line":29,"column":42}},"type":"if","locations":[{"start":{"line":29,"column":4},"end":{"line":29,"column":42}},{"start":{},"end":{}}],"line":29}},"s":{"0":8,"1":8,"2":8,"3":6,"4":6,"5":1,"6":5,"7":5,"8":2,"9":3,"10":3,"11":0,"12":0,"13":0,"14":0,"15":0,"16":0},"f":{"0":8,"1":6,"2":0},"b":{"0":[1,5],"1":[2,3],"2":[0,0]},"_coverageSchema":"1a1c01bbd47fc00a2c39e90264f33305004495a9","hash":"c2a52286305a706ceaef554b3bc819a630396d1b"}
,"/home/maciej/javascript/Modern-Full-Stack-React-Projects/ch5/backend/src/test/helper.js": {"path":"/home/maciej/javascript/Modern-Full-Stack-React-Projects/ch5/backend/src/test/helper.js","statementMap":{"0":{"start":{"line":6,"column":15},"end":{"line":6,"column":74}},"1":{"start":{"line":7,"column":2},"end":{"line":7,"column":19}},"2":{"start":{"line":8,"column":2},"end":{"line":8,"column":17}}},"fnMap":{"0":{"name":"createTestUser","decl":{"start":{"line":5,"column":22},"end":{"line":5,"column":36}},"loc":{"start":{"line":5,"column":39},"end":{"line":9,"column":1}},"line":5}},"branchMap":{},"s":{"0":1,"1":1,"2":1},"f":{"0":1},"b":{},"_coverageSchema":"1a1c01bbd47fc00a2c39e90264f33305004495a9","hash":"f5cd52ec3ecf6ec430a7375a4cdc570430f5fc1e"}
}
