TN:
SF:src/db/init.js
FN:3,initDatabase
FN:5,(anonymous_1)
FNF:2
FNH:2
FNDA:5,initDatabase
FNDA:5,(anonymous_1)
DA:4,5
DA:5,5
DA:6,5
DA:8,5
DA:9,5
DA:12,5
DA:13,5
LF:7
LH:7
BRDA:6,0,0,5
BRDA:6,0,1,0
BRDA:8,1,0,5
BRDA:8,1,1,5
BRDA:9,2,0,5
BRDA:9,2,1,5
BRF:6
BRH:5
end_of_record
TN:
SF:src/db/models/post.js
FNF:0
FNH:0
DA:3,2
DA:13,2
LF:2
LH:2
BRF:0
BRH:0
end_of_record
TN:
SF:src/db/models/user.js
FNF:0
FNH:0
DA:3,5
DA:11,5
LF:2
LH:2
BRF:0
BRH:0
end_of_record
TN:
SF:src/middleware/jwt.js
FN:4,(anonymous_0)
FNF:1
FNH:1
FNDA:6,(anonymous_0)
DA:3,1
DA:4,6
LF:2
LH:2
BRF:0
BRH:0
end_of_record
TN:
SF:src/routes/posts.js
FN:12,postsRoutes
FN:13,(anonymous_1)
FN:34,(anonymous_2)
FN:46,(anonymous_3)
FN:56,(anonymous_4)
FN:66,(anonymous_5)
FNF:6
FNH:6
FNDA:1,postsRoutes
FNDA:2,(anonymous_1)
FNDA:2,(anonymous_2)
FNDA:2,(anonymous_3)
FNDA:2,(anonymous_4)
FNDA:2,(anonymous_5)
DA:13,1
DA:14,2
DA:15,2
DA:16,2
DA:17,2
DA:18,1
DA:21,1
DA:22,0
DA:23,1
DA:24,0
DA:26,1
DA:29,0
DA:30,0
DA:34,1
DA:35,2
DA:36,2
DA:37,2
DA:38,2
DA:39,1
DA:41,0
DA:42,0
DA:46,1
DA:47,2
DA:48,2
DA:49,1
DA:51,1
DA:52,1
DA:56,1
DA:57,2
DA:58,2
DA:59,1
DA:61,1
DA:62,1
DA:66,1
DA:67,2
DA:68,2
DA:69,2
DA:70,1
DA:72,0
DA:73,0
LF:40
LH:32
BRDA:17,0,0,1
BRDA:17,0,1,1
BRDA:17,1,0,2
BRDA:17,1,1,1
BRDA:21,2,0,0
BRDA:21,2,1,1
BRDA:23,3,0,0
BRDA:23,3,1,1
BRDA:38,4,0,1
BRDA:38,4,1,1
BRDA:69,5,0,1
BRDA:69,5,1,1
BRF:12
BRH:10
end_of_record
TN:
SF:src/routes/users.js
FN:3,userRoutes
FN:4,(anonymous_1)
FN:22,(anonymous_2)
FN:34,(anonymous_3)
FNF:4
FNH:3
FNDA:2,userRoutes
FNDA:3,(anonymous_1)
FNDA:3,(anonymous_2)
FNDA:0,(anonymous_3)
DA:4,2
DA:5,3
DA:6,3
DA:7,3
DA:9,0
DA:11,0
DA:13,0
DA:17,0
DA:22,2
DA:23,3
DA:24,3
DA:25,2
DA:27,1
DA:29,1
DA:34,2
DA:35,0
DA:36,0
LF:17
LH:11
BRDA:11,0,0,0
BRDA:11,0,1,0
BRF:2
BRH:0
end_of_record
TN:
SF:src/services/posts.js
FN:4,createPost
FN:9,listPosts
FN:16,listAllPosts
FN:20,listPostsByAuthor
FN:26,listPostsByTag
FN:30,getPostById
FN:34,updatePost
FN:42,deletePost
FNF:8
FNH:8
FNDA:6,createPost
FNDA:6,listPosts
FNDA:4,listAllPosts
FNDA:1,listPostsByAuthor
FNDA:1,listPostsByTag
FNDA:4,getPostById
FNDA:6,updatePost
FNDA:4,deletePost
DA:5,6
DA:6,6
DA:13,6
DA:17,4
DA:21,1
DA:22,1
DA:23,1
DA:27,1
DA:31,4
DA:35,6
DA:43,4
LF:11
LH:11
BRDA:10,0,0,0
BRDA:11,1,0,4
BRDA:11,2,0,5
BRDA:11,3,0,5
BRDA:22,4,0,0
BRDA:22,4,1,1
BRF:6
BRH:4
end_of_record
TN:
SF:src/services/users.js
FN:5,createUser
FN:11,loginUser
FN:26,getUserInfoById
FNF:3
FNH:2
FNDA:8,createUser
FNDA:6,loginUser
FNDA:0,getUserInfoById
DA:6,8
DA:7,8
DA:8,8
DA:12,6
DA:13,6
DA:14,1
DA:16,5
DA:17,5
DA:18,2
DA:20,3
DA:23,3
DA:27,0
DA:28,0
DA:29,0
DA:30,0
DA:32,0
LF:16
LH:11
BRDA:13,0,0,1
BRDA:13,0,1,5
BRDA:17,1,0,2
BRDA:17,1,1,3
BRDA:29,2,0,0
BRDA:29,2,1,0
BRF:6
BRH:4
end_of_record
TN:
SF:src/test/helper.js
FN:5,createTestUser
FNF:1
FNH:1
FNDA:1,createTestUser
DA:6,1
DA:7,1
DA:8,1
LF:3
LH:3
BRF:0
BRH:0
end_of_record
